<?xml version="1.0" encoding="UTF-8" ?>
<testsuite failures="0" time="0.404" errors="2" skipped="0" tests="2" name="com.dw.maven.plugins.MojoTest">
  <properties>
[...]
</properties>
  <testcase time="0.308" classname="com.dw.maven.plugins.MojoTest" name="testShouldFailToExecuteBecauseConfigurationIsNotValid">
    <error message="Cannot find a configuration element for a plugin with an artifactId of dw-closure-compiler-plugin." type="org.apache.maven.plugin.testing.ConfigurationException">org.apache.maven.plugin.testing.ConfigurationException: Cannot find a configuration element for a plugin with an artifactId of dw-closure-compiler-plugin.
	at org.apache.maven.plugin.testing.AbstractMojoTestCase.extractPluginConfiguration(AbstractMojoTestCase.java:255)
	at org.apache.maven.plugin.testing.AbstractMojoTestCase.extractPluginConfiguration(AbstractMojoTestCase.java:214)
	at org.apache.maven.plugin.testing.AbstractMojoTestCase.lookupMojo(AbstractMojoTestCase.java:125)
	at com.dw.maven.plugins.MojoTest.setUp(MojoTest.java:28)
	at junit.framework.TestCase.runBare(TestCase.java:132)
	at junit.framework.TestResult$1.protect(TestResult.java:110)
	at junit.framework.TestResult.runProtected(TestResult.java:128)
	at junit.framework.TestResult.run(TestResult.java:113)
	at junit.framework.TestCase.run(TestCase.java:124)
	at junit.framework.TestSuite.runTest(TestSuite.java:243)
	at junit.framework.TestSuite.run(TestSuite.java:238)
	at org.junit.internal.runners.JUnit38ClassRunner.run(JUnit38ClassRunner.java:83)
	at org.apache.maven.surefire.junit4.JUnit4TestSet.execute(JUnit4TestSet.java:53)
	at org.apache.maven.surefire.junit4.JUnit4Provider.executeTestSet(JUnit4Provider.java:123)
	at org.apache.maven.surefire.junit4.JUnit4Provider.invoke(JUnit4Provider.java:104)
	at sun.reflect.NativeMethodAccessorImpl.invoke0(Native Method)
	at sun.reflect.NativeMethodAccessorImpl.invoke(NativeMethodAccessorImpl.java:57)
	at sun.reflect.DelegatingMethodAccessorImpl.invoke(DelegatingMethodAccessorImpl.java:43)
	at java.lang.reflect.Method.invoke(Method.java:601)
	at org.apache.maven.surefire.util.ReflectionUtils.invokeMethodWithArray(ReflectionUtils.java:164)
	at org.apache.maven.surefire.booter.ProviderFactory$ProviderProxy.invoke(ProviderFactory.java:110)
	at org.apache.maven.surefire.booter.SurefireStarter.invokeProvider(SurefireStarter.java:175)
	at org.apache.maven.surefire.booter.SurefireStarter.runSuitesInProcessWhenForked(SurefireStarter.java:107)
	at org.apache.maven.surefire.booter.ForkedBooter.main(ForkedBooter.java:68)
</error>
  </testcase>
  <testcase time="0.047" classname="com.dw.maven.plugins.MojoTest" name="testExecuteSuccessful">
    <error message="Cannot find a configuration element for a plugin with an artifactId of dw-closure-compiler-plugin." type="org.apache.maven.plugin.testing.ConfigurationException">org.apache.maven.plugin.testing.ConfigurationException: Cannot find a configuration element for a plugin with an artifactId of dw-closure-compiler-plugin.
	at org.apache.maven.plugin.testing.AbstractMojoTestCase.extractPluginConfiguration(AbstractMojoTestCase.java:255)
	at org.apache.maven.plugin.testing.AbstractMojoTestCase.extractPluginConfiguration(AbstractMojoTestCase.java:214)
	at org.apache.maven.plugin.testing.AbstractMojoTestCase.lookupMojo(AbstractMojoTestCase.java:125)
	at com.dw.maven.plugins.MojoTest.setUp(MojoTest.java:28)
	at junit.framework.TestCase.runBare(TestCase.java:132)
	at junit.framework.TestResult$1.protect(TestResult.java:110)
	at junit.framework.TestResult.runProtected(TestResult.java:128)
	at junit.framework.TestResult.run(TestResult.java:113)
	at junit.framework.TestCase.run(TestCase.java:124)
	at junit.framework.TestSuite.runTest(TestSuite.java:243)
	at junit.framework.TestSuite.run(TestSuite.java:238)
	at org.junit.internal.runners.JUnit38ClassRunner.run(JUnit38ClassRunner.java:83)
	at org.apache.maven.surefire.junit4.JUnit4TestSet.execute(JUnit4TestSet.java:53)
	at org.apache.maven.surefire.junit4.JUnit4Provider.executeTestSet(JUnit4Provider.java:123)
	at org.apache.maven.surefire.junit4.JUnit4Provider.invoke(JUnit4Provider.java:104)
	at sun.reflect.NativeMethodAccessorImpl.invoke0(Native Method)
	at sun.reflect.NativeMethodAccessorImpl.invoke(NativeMethodAccessorImpl.java:57)
	at sun.reflect.DelegatingMethodAccessorImpl.invoke(DelegatingMethodAccessorImpl.java:43)
	at java.lang.reflect.Method.invoke(Method.java:601)
	at org.apache.maven.surefire.util.ReflectionUtils.invokeMethodWithArray(ReflectionUtils.java:164)
	at org.apache.maven.surefire.booter.ProviderFactory$ProviderProxy.invoke(ProviderFactory.java:110)
	at org.apache.maven.surefire.booter.SurefireStarter.invokeProvider(SurefireStarter.java:175)
	at org.apache.maven.surefire.booter.SurefireStarter.runSuitesInProcessWhenForked(SurefireStarter.java:107)
	at org.apache.maven.surefire.booter.ForkedBooter.main(ForkedBooter.java:68)
</error>
  </testcase>
</testsuite>